<?xml version="1.0" encoding="UTF-8"?>
<testsuites name="jest tests" tests="3" failures="1" errors="0" time="7.425">
  <testsuite name="SignUpPage" errors="0" failures="0" skipped="0" timestamp="2024-04-03T08:30:34" time="4.004" tests="1">
    <testcase classname="SignUpPage renders props.msg when passed" name="SignUpPage renders props.msg when passed" time="0.083">
    </testcase>
  </testsuite>
  <testsuite name="LoginPage.vue" errors="0" failures="0" skipped="0" timestamp="2024-04-03T08:30:34" time="4.012" tests="1">
    <testcase classname="LoginPage.vue handles login error" name="LoginPage.vue handles login error" time="0.064">
    </testcase>
  </testsuite>
  <testsuite name="BoardListPage.vue" errors="0" failures="1" skipped="0" timestamp="2024-04-03T08:30:34" time="4.178" tests="1">
    <testcase classname="BoardListPage.vue fetches board data on mount" name="BoardListPage.vue fetches board data on mount" time="0.033">
      <failure>Error: expect(received).toEqual(expected) // deep equality

- Expected  - 10
+ Received  +  1

- Array [
-   Object {
-     &quot;filename&quot;: &quot;file1.pdf&quot;,
-     &quot;id&quot;: 1,
-   },
-   Object {
-     &quot;filename&quot;: &quot;file2.pdf&quot;,
-     &quot;id&quot;: 2,
-   },
- ]
+ Array []
    at Object.&lt;anonymous&gt; (C:\Users\Playdata\Desktop\be02-fin-Hello_R_loha-HRsystem - frontend\frontend\tests\unit\boardlist.spec.js:23:31)
    at processTicksAndRejections (node:internal/process/task_queues:95:5)</failure>
    </testcase>
  </testsuite>
</testsuites>